android/app/build/intermediates/manifest_merge_blame_file/release/manifest-merger-blame-release-report.txt
1<?xml version="1.0" encoding="utf-8"?>
2<manifest xmlns:android="http://schemas.android.com/apk/res/android"
3    package="app.bitquest.wrapper"
4    android:versionCode="1"
5    android:versionName="1.0" >
6
7    <uses-sdk
8        android:minSdkVersion="24"
9        android:targetSdkVersion="34" />
10
11    <uses-permission android:name="android.permission.INTERNET" />
11-->src/main/AndroidManifest.xml:4:5-67
11-->src/main/AndroidManifest.xml:4:22-64
12
13    <application
13-->src/main/AndroidManifest.xml:6:5-45:19
14        android:allowBackup="true"
14-->src/main/AndroidManifest.xml:7:9-35
15        android:extractNativeLibs="false"
16        android:hardwareAccelerated="true"
16-->src/main/AndroidManifest.xml:11:9-43
17        android:icon="@mipmap/ic_launcher"
17-->src/main/AndroidManifest.xml:8:9-43
18        android:label="@string/app_name"
18-->src/main/AndroidManifest.xml:9:9-41
19        android:usesCleartextTraffic="false" >
19-->src/main/AndroidManifest.xml:10:9-45
20        <activity
20-->src/main/AndroidManifest.xml:13:9-31:20
21            android:name="app.bitquest.wrapper.MainActivity"
21-->src/main/AndroidManifest.xml:14:13-41
22            android:configChanges="orientation|screenSize|keyboardHidden"
22-->src/main/AndroidManifest.xml:16:13-74
23            android:exported="true"
23-->src/main/AndroidManifest.xml:15:13-36
24            android:label="@string/app_name" >
24-->src/main/AndroidManifest.xml:17:13-45
25            <intent-filter>
25-->src/main/AndroidManifest.xml:18:13-21:29
26                <action android:name="android.intent.action.MAIN" />
26-->src/main/AndroidManifest.xml:19:17-69
26-->src/main/AndroidManifest.xml:19:25-66
27
28                <category android:name="android.intent.category.LAUNCHER" />
28-->src/main/AndroidManifest.xml:20:17-77
28-->src/main/AndroidManifest.xml:20:27-74
29            </intent-filter>
30            <intent-filter>
30-->src/main/AndroidManifest.xml:22:13-27:29
31                <action android:name="android.intent.action.VIEW" />
31-->src/main/AndroidManifest.xml:23:17-69
31-->src/main/AndroidManifest.xml:23:25-66
32
33                <category android:name="android.intent.category.DEFAULT" />
33-->src/main/AndroidManifest.xml:24:17-76
33-->src/main/AndroidManifest.xml:24:27-73
34                <category android:name="android.intent.category.BROWSABLE" />
34-->src/main/AndroidManifest.xml:25:17-78
34-->src/main/AndroidManifest.xml:25:27-75
35
36                <data android:scheme="bitquest" />
36-->src/main/AndroidManifest.xml:26:17-51
36-->src/main/AndroidManifest.xml:26:23-48
37            </intent-filter>
38
39            <meta-data
39-->src/main/AndroidManifest.xml:28:13-30:53
40                android:name="android.app.shortcuts"
40-->src/main/AndroidManifest.xml:29:17-53
41                android:resource="@xml/shortcuts" />
41-->src/main/AndroidManifest.xml:30:17-50
42        </activity>
43
44        <!-- Home-screen widget: streak, gems, one-tap lesson. -->
45        <receiver
45-->src/main/AndroidManifest.xml:34:9-44:20
46            android:name="app.bitquest.wrapper.StreakWidget"
46-->src/main/AndroidManifest.xml:35:13-41
47            android:exported="false"
47-->src/main/AndroidManifest.xml:37:13-37
48            android:label="@string/widget_label" >
48-->src/main/AndroidManifest.xml:36:13-49
49            <intent-filter>
49-->src/main/AndroidManifest.xml:38:13-40:29
50                <action android:name="android.appwidget.action.APPWIDGET_UPDATE" />
50-->src/main/AndroidManifest.xml:39:17-84
50-->src/main/AndroidManifest.xml:39:25-81
51            </intent-filter>
52
53            <meta-data
53-->src/main/AndroidManifest.xml:41:13-43:62
54                android:name="android.appwidget.provider"
54-->src/main/AndroidManifest.xml:42:17-58
55                android:resource="@xml/widget_streak_info" />
55-->src/main/AndroidManifest.xml:43:17-59
56        </receiver>
57    </application>
58
59</manifest>